<?xml version="1.0" encoding="UTF-8"?>
<!-- Generated by org.testng.reporters.JUnitReportReporter -->
<testsuite skipped="0" hostname="DESKTOP-DPEFIOB" name="exercises.CallEnumExample" tests="1" failures="0" timestamp="04 jan 2018 10:47:51 GMT" time="0.015" errors="0">
  <testcase name="printBootCampDays" time="0.015" classname="exercises.CallEnumExample"/>
</testsuite> <!-- exercises.CallEnumExample -->
