<?xml version="1.0" encoding="UTF-8"?>
<!-- Generated by org.testng.reporters.JUnitReportReporter -->
<testsuite skipped="0" hostname="DESKTOP-DPEFIOB" name="chapterNine.LoginTest_multipleScenarios" tests="1" failures="0" timestamp="04 jan 2018 12:56:02 GMT" time="10.575" errors="0">
  <testcase name="login" time="10.575" classname="chapterNine.LoginTest_multipleScenarios"/>
</testsuite> <!-- chapterNine.LoginTest_multipleScenarios -->
