<?xml version="1.0" encoding="UTF-8"?>
<!-- Generated by org.testng.reporters.JUnitReportReporter -->
<testsuite skipped="0" hostname="DESKTOP-DPEFIOB" name="chapterNine.NOK_FillInContactFormTest" tests="1" failures="0" timestamp="04 jan 2018 11:36:50 GMT" time="7.257" errors="0">
  <testcase name="fillContactForm" time="7.257" classname="chapterNine.NOK_FillInContactFormTest"/>
</testsuite> <!-- chapterNine.NOK_FillInContactFormTest -->
