<?xml version="1.0" encoding="UTF-8"?>
<!-- Generated by org.testng.reporters.JUnitReportReporter -->
<testsuite skipped="0" hostname="DESKTOP-DPEFIOB" name="exercises.AboutMethods" tests="1" failures="0" timestamp="27 dec 2017 12:19:17 GMT" time="0.016" errors="0">
  <testcase name="printProduct" time="0.016" classname="exercises.AboutMethods"/>
</testsuite> <!-- exercises.AboutMethods -->
