<?xml version="1.0" encoding="UTF-8"?>
<!-- Generated by org.testng.reporters.JUnitReportReporter -->
<testsuite skipped="0" hostname="DESKTOP-DPEFIOB" name="tryouts.Login" tests="1" failures="0" timestamp="05 jan 2018 12:51:52 GMT" time="8.783" errors="0">
  <testcase name="loginWithoutEmail" time="8.783" classname="tryouts.Login"/>
</testsuite> <!-- tryouts.Login -->
