<?xml version="1.0" encoding="UTF-8"?>
<!-- Generated by org.testng.reporters.JUnitReportReporter -->
<testsuite skipped="0" hostname="DESKTOP-DPEFIOB" name="chapterNine.ContactFormTest" tests="1" failures="0" timestamp="29 dec 2017 13:57:59 GMT" time="7.605" errors="0">
  <testcase name="fillInContactForm" time="7.605" classname="chapterNine.ContactFormTest"/>
</testsuite> <!-- chapterNine.ContactFormTest -->
