<?xml version="1.0" encoding="UTF-8"?>
<!-- Generated by org.testng.reporters.JUnitReportReporter -->
<testsuite skipped="0" hostname="DESKTOP-DPEFIOB" name="chapterSixExtra.exerciseOne" tests="1" failures="0" timestamp="05 jan 2018 07:49:25 GMT" time="9.677" errors="0">
  <testcase name="changePersonalInfo" time="9.677" classname="chapterSixExtra.exerciseOne"/>
</testsuite> <!-- chapterSixExtra.exerciseOne -->
