<?xml version="1.0" encoding="UTF-8"?>
<!-- Generated by org.testng.reporters.JUnitReportReporter -->
<testsuite skipped="0" hostname="DESKTOP-DPEFIOB" name="chapterNine.LoginTest" tests="1" failures="0" timestamp="29 dec 2017 14:50:17 GMT" time="8.346" errors="0">
  <testcase name="login" time="8.346" classname="chapterNine.LoginTest"/>
</testsuite> <!-- chapterNine.LoginTest -->
