<?xml version="1.0" encoding="UTF-8"?>
<!-- Generated by org.testng.reporters.JUnitReportReporter -->
<testsuite skipped="0" hostname="DESKTOP-DPEFIOB" name="chapterSix.AdjustPersonalInfoTest" tests="1" failures="0" timestamp="28 dec 2017 19:41:25 GMT" time="11.073" errors="0">
  <testcase name="personalInfo" time="11.073" classname="chapterSix.AdjustPersonalInfoTest"/>
</testsuite> <!-- chapterSix.AdjustPersonalInfoTest -->
