<?xml version="1.0" encoding="UTF-8"?>
<!-- Generated by org.testng.reporters.JUnitReportReporter -->
<testsuite skipped="0" hostname="DESKTOP-DPEFIOB" name="homework.DeleteWishListTest" tests="1" failures="0" timestamp="29 dec 2017 20:41:06 GMT" time="10.512" errors="0">
  <testcase name="wishlist" time="10.512" classname="homework.DeleteWishListTest"/>
</testsuite> <!-- homework.DeleteWishListTest -->
