<?xml version="1.0" encoding="UTF-8"?>
<!-- Generated by org.testng.reporters.JUnitReportReporter -->
<testsuite skipped="0" hostname="DESKTOP-DPEFIOB" name="chapterSix.SignOutTest" tests="1" failures="0" timestamp="28 dec 2017 10:48:45 GMT" time="8.961" errors="0">
  <testcase name="logInSuccesFull" time="8.961" classname="chapterSix.SignOutTest"/>
</testsuite> <!-- chapterSix.SignOutTest -->
