<?xml version="1.0" encoding="UTF-8"?>
<!-- Generated by org.testng.reporters.JUnitReportReporter -->
<testsuite skipped="0" hostname="DESKTOP-DPEFIOB" name="exercises.HelloWorldTest" tests="1" failures="0" timestamp="27 dec 2017 10:45:51 GMT" time="0.000" errors="0">
  <testcase name="printText" time="0.000" classname="exercises.HelloWorldTest"/>
</testsuite> <!-- exercises.HelloWorldTest -->
