<?xml version="1.0" encoding="UTF-8"?>
<!-- Generated by org.testng.reporters.JUnitReportReporter -->
<testsuite skipped="0" hostname="DESKTOP-DPEFIOB" name="chapterSix.conditionExercises" tests="1" failures="0" timestamp="29 dec 2017 08:23:28 GMT" time="0.009" errors="0">
  <testcase name="execute" time="0.009" classname="chapterSix.conditionExercises"/>
</testsuite> <!-- chapterSix.conditionExercises -->
