<?xml version="1.0" encoding="UTF-8"?>
<!-- Generated by org.testng.reporters.JUnitReportReporter -->
<testsuite skipped="0" hostname="DESKTOP-DPEFIOB" name="chapterSix.FillCartTest" tests="1" failures="0" timestamp="28 dec 2017 13:46:39 GMT" time="11.491" errors="0">
  <testcase name="fillCartTest" time="11.491" classname="chapterSix.FillCartTest"/>
</testsuite> <!-- chapterSix.FillCartTest -->
