<?xml version="1.0" encoding="UTF-8"?>
<!-- Generated by org.testng.reporters.JUnitReportReporter -->
<testsuite skipped="0" hostname="DESKTOP-DPEFIOB" name="homework.DeleteItemFromWishlist" tests="1" failures="0" timestamp="04 jan 2018 09:36:42 GMT" time="9.806" errors="0">
  <testcase name="wishlist" time="9.806" classname="homework.DeleteItemFromWishlist"/>
</testsuite> <!-- homework.DeleteItemFromWishlist -->
