<?xml version="1.0" encoding="UTF-8"?>
<!-- Generated by org.testng.reporters.JUnitReportReporter -->
<testsuite skipped="0" hostname="DESKTOP-DPEFIOB" name="exercises.FirstSeleniumTest" tests="1" failures="0" timestamp="27 dec 2017 13:23:39 GMT" time="9.008" errors="0">
  <testcase name="logInSuccesFull" time="9.008" classname="exercises.FirstSeleniumTest"/>
</testsuite> <!-- exercises.FirstSeleniumTest -->
