<?xml version="1.0" encoding="UTF-8"?>
<!-- Generated by org.testng.reporters.JUnitReportReporter -->
<testsuite skipped="0" hostname="DESKTOP-DPEFIOB" name="api.opdracht2" tests="1" failures="0" timestamp="05 jan 2018 09:52:41 GMT" time="1.644" errors="0">
  <testcase name="variablePathParams" time="1.644" classname="api.opdracht2"/>
</testsuite> <!-- api.opdracht2 -->
