<?xml version="1.0" encoding="UTF-8"?>
<!-- Generated by org.testng.reporters.JUnitReportReporter -->
<testsuite skipped="0" hostname="DESKTOP-DPEFIOB" name="exercises.CarGame" tests="1" failures="0" timestamp="29 dec 2017 12:56:02 GMT" time="0.000" errors="0">
  <testcase name="checkBetterCar" time="0.000" classname="exercises.CarGame"/>
</testsuite> <!-- exercises.CarGame -->
