<?xml version="1.0" encoding="UTF-8"?>
<!-- Generated by org.testng.reporters.JUnitReportReporter -->
<testsuite skipped="0" hostname="DESKTOP-DPEFIOB" name="tryouts.Login" tests="2" failures="0" timestamp="04 jan 2018 20:40:54 GMT" time="25.558" errors="0">
  <testcase name="loginWithoutEmail" time="9.257" classname="tryouts.Login"/>
  <testcase name="loginWithInvalidEmail" time="16.301" classname="tryouts.Login"/>
</testsuite> <!-- tryouts.Login -->
