<?xml version="1.0" encoding="UTF-8"?>
<!-- Generated by org.testng.reporters.JUnitReportReporter -->
<testsuite skipped="0" hostname="DESKTOP-DPEFIOB" name="chapterSix.ts" tests="1" failures="0" timestamp="28 dec 2017 18:26:18 GMT" time="7.578" errors="0">
  <testcase name="fillCartTest" time="7.578" classname="chapterSix.ts"/>
</testsuite> <!-- chapterSix.ts -->
