<?xml version="1.0" encoding="UTF-8"?>
<!-- Generated by org.testng.reporters.JUnitReportReporter -->
<testsuite skipped="0" hostname="DESKTOP-DPEFIOB" name="browserDriven.BrowserDrivenTest" tests="2" failures="0" timestamp="05 jan 2018 14:00:42 GMT" time="11.107" errors="0">
  <testcase name="readCSV" time="5.135" classname="browserDriven.BrowserDrivenTest"/>
  <testcase name="correctLogin" time="5.972" classname="browserDriven.BrowserDrivenTest"/>
</testsuite> <!-- browserDriven.BrowserDrivenTest -->
